Сборка начата 08.04.2023 11:31:03.
Уровень детализации журнала: Normal.     1>Проект "D:\Учёба\2сем\ОАИП\Лабораторные\ОАИП9\ОАИП9\ОАИП9.vcxproj" в узле 2 (целевые объекты Build).
     1>InitializeBuildStatus:
         Создание "x64\Debug\ОАИП9.tlog\unsuccessfulbuild", так как было задано "AlwaysCreate".
       ClCompile:
         C:\Program Files\Microsoft Visual Studio\2022\Community\VC\Tools\MSVC\14.34.31933\bin\HostX64\x64\CL.exe /c /ZI /JMC /nologo /W3 /WX- /diagnostics:column /sdl /Od /D _DEBUG /D _CONSOLE /D _UNICODE /D UNICODE /Gm- /EHsc /RTC1 /MDd /GS /fp:precise /Zc:wchar_t /Zc:forScope /Zc:inline /permissive- /Fo"x64\Debug\\" /Fd"x64\Debug\vc143.pdb" /external:W3 /Gd /TP /FC /errorReport:prompt osnova.cpp
         osnova.cpp
     1>D:\Учёба\2сем\ОАИП\Лабораторные\ОАИП9\ОАИП9\osnova.cpp(38,7): warning C4101: s: неиспользованная локальная переменная
     1>D:\Учёба\2сем\ОАИП\Лабораторные\ОАИП9\ОАИП9\osnova.cpp(38,19): warning C4101: c: неиспользованная локальная переменная
     1>D:\Учёба\2сем\ОАИП\Лабораторные\ОАИП9\ОАИП9\osnova.cpp(208,20): warning C4101: dname: неиспользованная локальная переменная
     1>D:\Учёба\2сем\ОАИП\Лабораторные\ОАИП9\ОАИП9\osnova.cpp(216,20): warning C4101: fname: неиспользованная локальная переменная
       Link:
         C:\Program Files\Microsoft Visual Studio\2022\Community\VC\Tools\MSVC\14.34.31933\bin\HostX64\x64\link.exe /ERRORREPORT:PROMPT /OUT:"D:\Учёба\2сем\ОАИП\Лабораторные\ОАИП9\x64\Debug\ОАИП9.exe" /INCREMENTAL /ILK:"x64\Debug\ОАИП9.ilk" /NOLOGO kernel32.lib user32.lib gdi32.lib winspool.lib comdlg32.lib advapi32.lib shell32.lib ole32.lib oleaut32.lib uuid.lib odbc32.lib odbccp32.lib /MANIFEST /MANIFESTUAC:"level='asInvoker' uiAccess='false'" /manifest:embed /DEBUG /PDB:"D:\Учёба\2сем\ОАИП\Лабораторные\ОАИП9\x64\Debug\ОАИП9.pdb" /SUBSYSTEM:CONSOLE /TLBID:1 /DYNAMICBASE /NXCOMPAT /IMPLIB:"D:\Учёба\2сем\ОАИП\Лабораторные\ОАИП9\x64\Debug\ОАИП9.lib" /MACHINE:X64 x64\Debug\osnova.obj
         ОАИП9.vcxproj -> D:\Учёба\2сем\ОАИП\Лабораторные\ОАИП9\x64\Debug\ОАИП9.exe
       FinalizeBuildStatus:
         Файл "x64\Debug\ОАИП9.tlog\unsuccessfulbuild" удаляется.
         Обращение к "x64\Debug\ОАИП9.tlog\ОАИП9.lastbuildstate".
     1>Сборка проекта "D:\Учёба\2сем\ОАИП\Лабораторные\ОАИП9\ОАИП9\ОАИП9.vcxproj" завершена (целевые объекты Build).

Сборка успешно завершена.

       "D:\Учёба\2сем\ОАИП\Лабораторные\ОАИП9\ОАИП9\ОАИП9.vcxproj" (целевой объект Build ) (1) ->
       (Целевой объект ClCompile) -> 
         D:\Учёба\2сем\ОАИП\Лабораторные\ОАИП9\ОАИП9\osnova.cpp(38,7): warning C4101: s: неиспользованная локальная переменная
         D:\Учёба\2сем\ОАИП\Лабораторные\ОАИП9\ОАИП9\osnova.cpp(38,19): warning C4101: c: неиспользованная локальная переменная
         D:\Учёба\2сем\ОАИП\Лабораторные\ОАИП9\ОАИП9\osnova.cpp(208,20): warning C4101: dname: неиспользованная локальная переменная
         D:\Учёба\2сем\ОАИП\Лабораторные\ОАИП9\ОАИП9\osnova.cpp(216,20): warning C4101: fname: неиспользованная локальная переменная

    Предупреждений: 4
    Ошибок: 0

Прошло времени 00:00:01.00
