Сборка начата 28.03.2023 18:30:59.
Уровень детализации журнала: Normal.     1>Проект "D:\Учёба\2сем\КПО\Лабораторные\SE_Lab05\SE_Lab05\SE_Lab05.vcxproj" в узле 2 (целевые объекты Build).
     1>InitializeBuildStatus:
         Создание "x64\Debug\SE_Lab05.tlog\unsuccessfulbuild", так как было задано "AlwaysCreate".
       ClCompile:
         C:\Program Files\Microsoft Visual Studio\2022\Community\VC\Tools\MSVC\14.34.31933\bin\HostX64\x64\CL.exe /c /ZI /JMC /nologo /W3 /WX- /diagnostics:column /sdl /Od /D _DEBUG /D _CONSOLE /D _UNICODE /D UNICODE /Gm- /EHsc /RTC1 /MDd /GS /fp:precise /Zc:wchar_t /Zc:forScope /Zc:inline /permissive- /Fo"x64\Debug\\" /Fd"x64\Debug\vc143.pdb" /external:W3 /Gd /TP /FC /errorReport:prompt Source.cpp fun.cpp
         Source.cpp
     1>D:\Учёба\2сем\КПО\Лабораторные\SE_Lab05\SE_Lab05\Source.cpp(8,13): warning C4326: возвращаемый тип "main" должен быть "int", а не "void"
         fun.cpp
         Создание кода...
       Link:
         C:\Program Files\Microsoft Visual Studio\2022\Community\VC\Tools\MSVC\14.34.31933\bin\HostX64\x64\link.exe /ERRORREPORT:PROMPT /OUT:"D:\Учёба\2сем\КПО\Лабораторные\SE_Lab05\x64\Debug\SE_Lab05.exe" /INCREMENTAL /ILK:"x64\Debug\SE_Lab05.ilk" /NOLOGO kernel32.lib user32.lib gdi32.lib winspool.lib comdlg32.lib advapi32.lib shell32.lib ole32.lib oleaut32.lib uuid.lib odbc32.lib odbccp32.lib /MANIFEST /MANIFESTUAC:"level='asInvoker' uiAccess='false'" /manifest:embed /DEBUG /PDB:"D:\Учёба\2сем\КПО\Лабораторные\SE_Lab05\x64\Debug\SE_Lab05.pdb" /SUBSYSTEM:CONSOLE /TLBID:1 /DYNAMICBASE /NXCOMPAT /IMPLIB:"D:\Учёба\2сем\КПО\Лабораторные\SE_Lab05\x64\Debug\SE_Lab05.lib" /MACHINE:X64 x64\Debug\fun.obj
         x64\Debug\Source.obj
         SE_Lab05.vcxproj -> D:\Учёба\2сем\КПО\Лабораторные\SE_Lab05\x64\Debug\SE_Lab05.exe
       FinalizeBuildStatus:
         Файл "x64\Debug\SE_Lab05.tlog\unsuccessfulbuild" удаляется.
         Обращение к "x64\Debug\SE_Lab05.tlog\SE_Lab05.lastbuildstate".
     1>Сборка проекта "D:\Учёба\2сем\КПО\Лабораторные\SE_Lab05\SE_Lab05\SE_Lab05.vcxproj" завершена (целевые объекты Build).

Сборка успешно завершена.

       "D:\Учёба\2сем\КПО\Лабораторные\SE_Lab05\SE_Lab05\SE_Lab05.vcxproj" (целевой объект Build ) (1) ->
       (Целевой объект ClCompile) -> 
         D:\Учёба\2сем\КПО\Лабораторные\SE_Lab05\SE_Lab05\Source.cpp(8,13): warning C4326: возвращаемый тип "main" должен быть "int", а не "void"

    Предупреждений: 1
    Ошибок: 0

Прошло времени 00:00:02.33
