Сборка начата 13.02.2023 18:40:27.
Уровень детализации журнала: Normal.     1>Проект "D:\Учёба\2сем\ОАИП\Лабораторные\1ЛАБА_ОАИП\ДОП2.6\ДОП2.6.vcxproj" в узле 2 (целевые объекты Build).
     1>InitializeBuildStatus:
         Обращение к "x64\Debug\ДОП2.6.tlog\unsuccessfulbuild".
       ClCompile:
         C:\Program Files\Microsoft Visual Studio\2022\Community\VC\Tools\MSVC\14.34.31933\bin\HostX64\x64\CL.exe /c /ZI /JMC /nologo /W3 /WX- /diagnostics:column /sdl /Od /D _DEBUG /D _CONSOLE /D _UNICODE /D UNICODE /Gm- /EHsc /RTC1 /MDd /GS /fp:precise /Zc:wchar_t /Zc:forScope /Zc:inline /permissive- /Fo"x64\Debug\\" /Fd"x64\Debug\vc143.pdb" /external:W3 /Gd /TP /FC /errorReport:prompt "ДОП2.6.cpp"
         ДОП2.6.cpp
     1>D:\Учёба\2сем\ОАИП\Лабораторные\1ЛАБА_ОАИП\ДОП2.6\ДОП2.6.cpp(6,13): warning C4326: возвращаемый тип "main" должен быть "int", а не "void"
       Link:
         C:\Program Files\Microsoft Visual Studio\2022\Community\VC\Tools\MSVC\14.34.31933\bin\HostX64\x64\link.exe /ERRORREPORT:PROMPT /OUT:"D:\Учёба\2сем\ОАИП\Лабораторные\1ЛАБА_ОАИП\x64\Debug\ДОП2.6.exe" /INCREMENTAL /ILK:"x64\Debug\ДОП2.6.ilk" /NOLOGO kernel32.lib user32.lib gdi32.lib winspool.lib comdlg32.lib advapi32.lib shell32.lib ole32.lib oleaut32.lib uuid.lib odbc32.lib odbccp32.lib /MANIFEST /MANIFESTUAC:"level='asInvoker' uiAccess='false'" /manifest:embed /DEBUG /PDB:"D:\Учёба\2сем\ОАИП\Лабораторные\1ЛАБА_ОАИП\x64\Debug\ДОП2.6.pdb" /SUBSYSTEM:CONSOLE /TLBID:1 /DYNAMICBASE /NXCOMPAT /IMPLIB:"D:\Учёба\2сем\ОАИП\Лабораторные\1ЛАБА_ОАИП\x64\Debug\ДОП2.6.lib" /MACHINE:X64 "x64\Debug\ДОП2.6.obj"
         ДОП2.6.vcxproj -> D:\Учёба\2сем\ОАИП\Лабораторные\1ЛАБА_ОАИП\x64\Debug\ДОП2.6.exe
       FinalizeBuildStatus:
         Файл "x64\Debug\ДОП2.6.tlog\unsuccessfulbuild" удаляется.
         Обращение к "x64\Debug\ДОП2.6.tlog\ДОП2.6.lastbuildstate".
     1>Сборка проекта "D:\Учёба\2сем\ОАИП\Лабораторные\1ЛАБА_ОАИП\ДОП2.6\ДОП2.6.vcxproj" завершена (целевые объекты Build).

Сборка успешно завершена.

       "D:\Учёба\2сем\ОАИП\Лабораторные\1ЛАБА_ОАИП\ДОП2.6\ДОП2.6.vcxproj" (целевой объект Build ) (1) ->
       (Целевой объект ClCompile) -> 
         D:\Учёба\2сем\ОАИП\Лабораторные\1ЛАБА_ОАИП\ДОП2.6\ДОП2.6.cpp(6,13): warning C4326: возвращаемый тип "main" должен быть "int", а не "void"

    Предупреждений: 1
    Ошибок: 0

Прошло времени 00:00:01.00
