Сборка начата 04.03.2023 12:37:03.
Уровень детализации журнала: Normal.     1>Проект "D:\Учёба\2сем\КПО\Лабораторные\ОАИП4\ОАИП4\ОАИП4.vcxproj" в узле 2 (целевые объекты Build).
     1>InitializeBuildStatus:
         Создание "x64\Debug\ОАИП4.tlog\unsuccessfulbuild", так как было задано "AlwaysCreate".
       ClCompile:
         C:\Program Files\Microsoft Visual Studio\2022\Community\VC\Tools\MSVC\14.34.31933\bin\HostX64\x64\CL.exe /c /ZI /JMC /nologo /W3 /WX- /diagnostics:column /sdl /Od /D _DEBUG /D _CONSOLE /D _UNICODE /D UNICODE /Gm- /EHsc /RTC1 /MDd /GS /fp:precise /Zc:wchar_t /Zc:forScope /Zc:inline /permissive- /Fo"x64\Debug\\" /Fd"x64\Debug\vc143.pdb" /external:W3 /Gd /TP /FC /errorReport:prompt task1.cpp
         task1.cpp
     1>D:\Учёба\2сем\КПО\Лабораторные\ОАИП4\ОАИП4\task1.cpp(29,13): warning C4326: возвращаемый тип "main" должен быть "int", а не "void"
     1>D:\Учёба\2сем\КПО\Лабораторные\ОАИП4\ОАИП4\task1.cpp(35,3): warning C4102: start: неиспользованная метка
       Link:
         C:\Program Files\Microsoft Visual Studio\2022\Community\VC\Tools\MSVC\14.34.31933\bin\HostX64\x64\link.exe /ERRORREPORT:PROMPT /OUT:"D:\Учёба\2сем\КПО\Лабораторные\ОАИП4\x64\Debug\ОАИП4.exe" /INCREMENTAL /ILK:"x64\Debug\ОАИП4.ilk" /NOLOGO kernel32.lib user32.lib gdi32.lib winspool.lib comdlg32.lib advapi32.lib shell32.lib ole32.lib oleaut32.lib uuid.lib odbc32.lib odbccp32.lib /MANIFEST /MANIFESTUAC:"level='asInvoker' uiAccess='false'" /manifest:embed /DEBUG /PDB:"D:\Учёба\2сем\КПО\Лабораторные\ОАИП4\x64\Debug\ОАИП4.pdb" /SUBSYSTEM:CONSOLE /TLBID:1 /DYNAMICBASE /NXCOMPAT /IMPLIB:"D:\Учёба\2сем\КПО\Лабораторные\ОАИП4\x64\Debug\ОАИП4.lib" /MACHINE:X64 x64\Debug\task1.obj
         ОАИП4.vcxproj -> D:\Учёба\2сем\КПО\Лабораторные\ОАИП4\x64\Debug\ОАИП4.exe
       FinalizeBuildStatus:
         Файл "x64\Debug\ОАИП4.tlog\unsuccessfulbuild" удаляется.
         Обращение к "x64\Debug\ОАИП4.tlog\ОАИП4.lastbuildstate".
     1>Сборка проекта "D:\Учёба\2сем\КПО\Лабораторные\ОАИП4\ОАИП4\ОАИП4.vcxproj" завершена (целевые объекты Build).

Сборка успешно завершена.

       "D:\Учёба\2сем\КПО\Лабораторные\ОАИП4\ОАИП4\ОАИП4.vcxproj" (целевой объект Build ) (1) ->
       (Целевой объект ClCompile) -> 
         D:\Учёба\2сем\КПО\Лабораторные\ОАИП4\ОАИП4\task1.cpp(29,13): warning C4326: возвращаемый тип "main" должен быть "int", а не "void"
         D:\Учёба\2сем\КПО\Лабораторные\ОАИП4\ОАИП4\task1.cpp(35,3): warning C4102: start: неиспользованная метка

    Предупреждений: 2
    Ошибок: 0

Прошло времени 00:00:01.10
