Сборка начата 12.05.2023 22:44:58.
Уровень детализации журнала: Normal.     1>Проект "D:\Учёба\2сем\ОАИП\Лабораторные\ОАИП16\Доп5\Доп5.vcxproj" в узле 2 (целевые объекты Build).
     1>InitializeBuildStatus:
         Создание "x64\Debug\Доп5.tlog\unsuccessfulbuild", так как было задано "AlwaysCreate".
       ClCompile:
         C:\Program Files\Microsoft Visual Studio\2022\Community\VC\Tools\MSVC\14.34.31933\bin\HostX64\x64\CL.exe /c /ZI /JMC /nologo /W3 /WX- /diagnostics:column /sdl /Od /D _DEBUG /D _CONSOLE /D _UNICODE /D UNICODE /Gm- /EHsc /RTC1 /MDd /GS /fp:precise /Zc:wchar_t /Zc:forScope /Zc:inline /permissive- /Fo"x64\Debug\\" /Fd"x64\Debug\vc143.pdb" /external:W3 /Gd /TP /FC /errorReport:prompt "Доп5.cpp"
         Доп5.cpp
     1>D:\Учёба\2сем\ОАИП\Лабораторные\ОАИП16\Доп5\Доп5.cpp(12,1): warning C4326: возвращаемый тип "main" должен быть "int", а не "void"
     1>D:\Учёба\2сем\ОАИП\Лабораторные\ОАИП16\Доп5\Доп5.cpp(13,15): warning C4244: аргумент: преобразование "time_t" в "unsigned int", возможна потеря данных
     1>D:\Учёба\2сем\ОАИП\Лабораторные\ОАИП16\Доп5\Доп5.cpp(18,18): warning C4101: tmp: неиспользованная локальная переменная
     1>D:\Учёба\2сем\ОАИП\Лабораторные\ОАИП16\Доп5\Доп5.cpp(18,15): warning C4101: k: неиспользованная локальная переменная
     1>D:\Учёба\2сем\ОАИП\Лабораторные\ОАИП16\Доп5\Доп5.cpp(18,12): warning C4101: j: неиспользованная локальная переменная
       Link:
         C:\Program Files\Microsoft Visual Studio\2022\Community\VC\Tools\MSVC\14.34.31933\bin\HostX64\x64\link.exe /ERRORREPORT:PROMPT /OUT:"D:\Учёба\2сем\ОАИП\Лабораторные\ОАИП16\x64\Debug\Доп5.exe" /INCREMENTAL /ILK:"x64\Debug\Доп5.ilk" /NOLOGO kernel32.lib user32.lib gdi32.lib winspool.lib comdlg32.lib advapi32.lib shell32.lib ole32.lib oleaut32.lib uuid.lib odbc32.lib odbccp32.lib /MANIFEST /MANIFESTUAC:"level='asInvoker' uiAccess='false'" /manifest:embed /DEBUG /PDB:"D:\Учёба\2сем\ОАИП\Лабораторные\ОАИП16\x64\Debug\Доп5.pdb" /SUBSYSTEM:CONSOLE /TLBID:1 /DYNAMICBASE /NXCOMPAT /IMPLIB:"D:\Учёба\2сем\ОАИП\Лабораторные\ОАИП16\x64\Debug\Доп5.lib" /MACHINE:X64 "x64\Debug\Доп5.obj"
         Доп5.vcxproj -> D:\Учёба\2сем\ОАИП\Лабораторные\ОАИП16\x64\Debug\Доп5.exe
       FinalizeBuildStatus:
         Файл "x64\Debug\Доп5.tlog\unsuccessfulbuild" удаляется.
         Обращение к "x64\Debug\Доп5.tlog\Доп5.lastbuildstate".
     1>Сборка проекта "D:\Учёба\2сем\ОАИП\Лабораторные\ОАИП16\Доп5\Доп5.vcxproj" завершена (целевые объекты Build).

Сборка успешно завершена.

       "D:\Учёба\2сем\ОАИП\Лабораторные\ОАИП16\Доп5\Доп5.vcxproj" (целевой объект Build ) (1) ->
       (Целевой объект ClCompile) -> 
         D:\Учёба\2сем\ОАИП\Лабораторные\ОАИП16\Доп5\Доп5.cpp(12,1): warning C4326: возвращаемый тип "main" должен быть "int", а не "void"
         D:\Учёба\2сем\ОАИП\Лабораторные\ОАИП16\Доп5\Доп5.cpp(13,15): warning C4244: аргумент: преобразование "time_t" в "unsigned int", возможна потеря данных
         D:\Учёба\2сем\ОАИП\Лабораторные\ОАИП16\Доп5\Доп5.cpp(18,18): warning C4101: tmp: неиспользованная локальная переменная
         D:\Учёба\2сем\ОАИП\Лабораторные\ОАИП16\Доп5\Доп5.cpp(18,15): warning C4101: k: неиспользованная локальная переменная
         D:\Учёба\2сем\ОАИП\Лабораторные\ОАИП16\Доп5\Доп5.cpp(18,12): warning C4101: j: неиспользованная локальная переменная

    Предупреждений: 5
    Ошибок: 0

Прошло времени 00:00:01.05
