Сборка начата 28.03.2023 18:34:50.
Уровень детализации журнала: Normal.     1>Проект "D:\Учёба\2сем\КПО\Лабораторные\SE_Lab05\SE_Lab05\SE_Lab05.vcxproj" в узле 2 (целевые объекты Build).
     1>PrepareForBuild:
         Создание каталога "D:\Учёба\2сем\КПО\Лабораторные\SE_Lab05\Debug\".
         Создание каталога "Debug\SE_Lab05.tlog\".
       InitializeBuildStatus:
         Создание "Debug\SE_Lab05.tlog\unsuccessfulbuild", так как было задано "AlwaysCreate".
       ClCompile:
         C:\Program Files\Microsoft Visual Studio\2022\Community\VC\Tools\MSVC\14.34.31933\bin\HostX86\x86\CL.exe /c /ZI /JMC /nologo /W3 /WX- /diagnostics:column /sdl /Od /Oy- /D WIN32 /D _DEBUG /D _CONSOLE /D _UNICODE /D UNICODE /Gm- /EHsc /RTC1 /MDd /GS /fp:precise /Zc:wchar_t /Zc:forScope /Zc:inline /permissive- /Fo"Debug\\" /Fd"Debug\vc143.pdb" /external:W3 /Gd /TP /analyze- /FC /errorReport:prompt fun.cpp Source.cpp
         fun.cpp
     1>D:\Учёба\2сем\КПО\Лабораторные\SE_Lab05\SE_Lab05\fun.cpp(10,21): warning C4018: <: несоответствие типов со знаком и без знака
     1>D:\Учёба\2сем\КПО\Лабораторные\SE_Lab05\SE_Lab05\fun.cpp(28,21): warning C4018: <: несоответствие типов со знаком и без знака
     1>D:\Учёба\2сем\КПО\Лабораторные\SE_Lab05\SE_Lab05\fun.cpp(56,23): warning C4018: <: несоответствие типов со знаком и без знака
     1>D:\Учёба\2сем\КПО\Лабораторные\SE_Lab05\SE_Lab05\fun.cpp(103,22): warning C4018: <: несоответствие типов со знаком и без знака
         Source.cpp
     1>D:\Учёба\2сем\КПО\Лабораторные\SE_Lab05\SE_Lab05\Source.cpp(8,13): warning C4326: возвращаемый тип "main" должен быть "int", а не "void"
     1>D:\Учёба\2сем\КПО\Лабораторные\SE_Lab05\SE_Lab05\Source.cpp(15,54): warning C4305: аргумент: усечение из "__int64" в "int"
     1>D:\Учёба\2сем\КПО\Лабораторные\SE_Lab05\SE_Lab05\Source.cpp(15,42): warning C4309: аргумент: усечение константного значения
         Создание кода...
       Link:
         C:\Program Files\Microsoft Visual Studio\2022\Community\VC\Tools\MSVC\14.34.31933\bin\HostX86\x86\link.exe /ERRORREPORT:PROMPT /OUT:"D:\Учёба\2сем\КПО\Лабораторные\SE_Lab05\Debug\SE_Lab05.exe" /INCREMENTAL /ILK:"Debug\SE_Lab05.ilk" /NOLOGO kernel32.lib user32.lib gdi32.lib winspool.lib comdlg32.lib advapi32.lib shell32.lib ole32.lib oleaut32.lib uuid.lib odbc32.lib odbccp32.lib /MANIFEST /MANIFESTUAC:"level='asInvoker' uiAccess='false'" /manifest:embed /DEBUG /PDB:"D:\Учёба\2сем\КПО\Лабораторные\SE_Lab05\Debug\SE_Lab05.pdb" /SUBSYSTEM:CONSOLE /TLBID:1 /DYNAMICBASE /NXCOMPAT /IMPLIB:"D:\Учёба\2сем\КПО\Лабораторные\SE_Lab05\Debug\SE_Lab05.lib" /MACHINE:X86 Debug\fun.obj
         Debug\Source.obj
         SE_Lab05.vcxproj -> D:\Учёба\2сем\КПО\Лабораторные\SE_Lab05\Debug\SE_Lab05.exe
       FinalizeBuildStatus:
         Файл "Debug\SE_Lab05.tlog\unsuccessfulbuild" удаляется.
         Обращение к "Debug\SE_Lab05.tlog\SE_Lab05.lastbuildstate".
     1>Сборка проекта "D:\Учёба\2сем\КПО\Лабораторные\SE_Lab05\SE_Lab05\SE_Lab05.vcxproj" завершена (целевые объекты Build).

Сборка успешно завершена.

       "D:\Учёба\2сем\КПО\Лабораторные\SE_Lab05\SE_Lab05\SE_Lab05.vcxproj" (целевой объект Build ) (1) ->
       (Целевой объект ClCompile) -> 
         D:\Учёба\2сем\КПО\Лабораторные\SE_Lab05\SE_Lab05\fun.cpp(10,21): warning C4018: <: несоответствие типов со знаком и без знака
         D:\Учёба\2сем\КПО\Лабораторные\SE_Lab05\SE_Lab05\fun.cpp(28,21): warning C4018: <: несоответствие типов со знаком и без знака
         D:\Учёба\2сем\КПО\Лабораторные\SE_Lab05\SE_Lab05\fun.cpp(56,23): warning C4018: <: несоответствие типов со знаком и без знака
         D:\Учёба\2сем\КПО\Лабораторные\SE_Lab05\SE_Lab05\fun.cpp(103,22): warning C4018: <: несоответствие типов со знаком и без знака
         D:\Учёба\2сем\КПО\Лабораторные\SE_Lab05\SE_Lab05\Source.cpp(8,13): warning C4326: возвращаемый тип "main" должен быть "int", а не "void"
         D:\Учёба\2сем\КПО\Лабораторные\SE_Lab05\SE_Lab05\Source.cpp(15,54): warning C4305: аргумент: усечение из "__int64" в "int"
         D:\Учёба\2сем\КПО\Лабораторные\SE_Lab05\SE_Lab05\Source.cpp(15,42): warning C4309: аргумент: усечение константного значения

    Предупреждений: 7
    Ошибок: 0

Прошло времени 00:00:02.86
