Сборка начата 22.04.2023 11:35:34.
Уровень детализации журнала: Normal.     1>Проект "D:\Учёба\2сем\ОАИП\Лабораторные\ОАИП 12\ОАИП 12\ОАИП 12.vcxproj" в узле 2 (целевые объекты Build).
     1>InitializeBuildStatus:
         Создание "x64\Debug\ОАИП 12.tlog\unsuccessfulbuild", так как было задано "AlwaysCreate".
       ClCompile:
         C:\Program Files\Microsoft Visual Studio\2022\Community\VC\Tools\MSVC\14.34.31933\bin\HostX64\x64\CL.exe /c /ZI /JMC /nologo /W3 /WX- /diagnostics:column /sdl /Od /D _DEBUG /D _CONSOLE /D _UNICODE /D UNICODE /Gm- /EHsc /RTC1 /MDd /GS /fp:precise /Zc:wchar_t /Zc:forScope /Zc:inline /permissive- /Fo"x64\Debug\\" /Fd"x64\Debug\vc143.pdb" /external:W3 /Gd /TP /FC /errorReport:prompt Tree.cpp
         Tree.cpp
     1>D:\Учёба\2сем\ОАИП\Лабораторные\ОАИП 12\ОАИП 12\Tree.cpp(257): warning C4715: Tree::check_right: значение возвращается не при всех путях выполнения
       Link:
         C:\Program Files\Microsoft Visual Studio\2022\Community\VC\Tools\MSVC\14.34.31933\bin\HostX64\x64\link.exe /ERRORREPORT:PROMPT /OUT:"D:\Учёба\2сем\ОАИП\Лабораторные\ОАИП 12\x64\Debug\ОАИП 12.exe" /INCREMENTAL /ILK:"x64\Debug\ОАИП 12.ilk" /NOLOGO kernel32.lib user32.lib gdi32.lib winspool.lib comdlg32.lib advapi32.lib shell32.lib ole32.lib oleaut32.lib uuid.lib odbc32.lib odbccp32.lib /MANIFEST /MANIFESTUAC:"level='asInvoker' uiAccess='false'" /manifest:embed /DEBUG /PDB:"D:\Учёба\2сем\ОАИП\Лабораторные\ОАИП 12\x64\Debug\ОАИП 12.pdb" /SUBSYSTEM:CONSOLE /TLBID:1 /DYNAMICBASE /NXCOMPAT /IMPLIB:"D:\Учёба\2сем\ОАИП\Лабораторные\ОАИП 12\x64\Debug\ОАИП 12.lib" /MACHINE:X64 x64\Debug\osnova.obj
         x64\Debug\Tree.obj
         ОАИП 12.vcxproj -> D:\Учёба\2сем\ОАИП\Лабораторные\ОАИП 12\x64\Debug\ОАИП 12.exe
       FinalizeBuildStatus:
         Файл "x64\Debug\ОАИП 12.tlog\unsuccessfulbuild" удаляется.
         Обращение к "x64\Debug\ОАИП 12.tlog\ОАИП 12.lastbuildstate".
     1>Сборка проекта "D:\Учёба\2сем\ОАИП\Лабораторные\ОАИП 12\ОАИП 12\ОАИП 12.vcxproj" завершена (целевые объекты Build).

Сборка успешно завершена.

       "D:\Учёба\2сем\ОАИП\Лабораторные\ОАИП 12\ОАИП 12\ОАИП 12.vcxproj" (целевой объект Build ) (1) ->
       (Целевой объект ClCompile) -> 
         D:\Учёба\2сем\ОАИП\Лабораторные\ОАИП 12\ОАИП 12\Tree.cpp(257): warning C4715: Tree::check_right: значение возвращается не при всех путях выполнения

    Предупреждений: 1
    Ошибок: 0

Прошло времени 00:00:01.38
