Сборка начата 28.02.2023 19:14:44.
Уровень детализации журнала: Normal.     1>Проект "D:\Учёба\2сем\КПО\Лабораторные\КПО3\КПО_3\КПО_3.vcxproj" в узле 2 (целевые объекты Build).
     1>InitializeBuildStatus:
         Создание "x64\Debug\КПО_3.tlog\unsuccessfulbuild", так как было задано "AlwaysCreate".
       ClCompile:
         C:\Program Files\Microsoft Visual Studio\2022\Community\VC\Tools\MSVC\14.34.31933\bin\HostX64\x64\CL.exe /c /ZI /JMC /nologo /W3 /WX- /diagnostics:column /sdl /Od /D _DEBUG /D _CONSOLE /D _UNICODE /D UNICODE /Gm- /EHsc /RTC1 /MDd /GS /fp:precise /Zc:wchar_t /Zc:forScope /Zc:inline /permissive- /Fo"x64\Debug\\" /Fd"x64\Debug\vc143.pdb" /external:W3 /Gd /TP /FC /errorReport:prompt days.cpp
         days.cpp
       Link:
         C:\Program Files\Microsoft Visual Studio\2022\Community\VC\Tools\MSVC\14.34.31933\bin\HostX64\x64\link.exe /ERRORREPORT:PROMPT /OUT:"D:\Учёба\2сем\КПО\Лабораторные\КПО3\x64\Debug\КПО_3.exe" /INCREMENTAL /ILK:"x64\Debug\КПО_3.ilk" /NOLOGO kernel32.lib user32.lib gdi32.lib winspool.lib comdlg32.lib advapi32.lib shell32.lib ole32.lib oleaut32.lib uuid.lib odbc32.lib odbccp32.lib /MANIFEST /MANIFESTUAC:"level='asInvoker' uiAccess='false'" /manifest:embed /DEBUG /PDB:"D:\Учёба\2сем\КПО\Лабораторные\КПО3\x64\Debug\КПО_3.pdb" /SUBSYSTEM:CONSOLE /TLBID:1 /DYNAMICBASE /NXCOMPAT /IMPLIB:"D:\Учёба\2сем\КПО\Лабораторные\КПО3\x64\Debug\КПО_3.lib" /MACHINE:X64 x64\Debug\date.obj
         x64\Debug\days.obj
         x64\Debug\holidays.obj
         x64\Debug\mes.obj
         x64\Debug\razn.obj
         x64\Debug\razn_hour.obj
         x64\Debug\task3.obj
         x64\Debug\vis.obj
         КПО_3.vcxproj -> D:\Учёба\2сем\КПО\Лабораторные\КПО3\x64\Debug\КПО_3.exe
       FinalizeBuildStatus:
         Файл "x64\Debug\КПО_3.tlog\unsuccessfulbuild" удаляется.
         Обращение к "x64\Debug\КПО_3.tlog\КПО_3.lastbuildstate".
     1>Сборка проекта "D:\Учёба\2сем\КПО\Лабораторные\КПО3\КПО_3\КПО_3.vcxproj" завершена (целевые объекты Build).

Сборка успешно завершена.
    Предупреждений: 0
    Ошибок: 0

Прошло времени 00:00:00.79
