Сборка начата 05.05.2023 13:03:16.
Уровень детализации журнала: Normal.     1>Проект "D:\Учёба\2сем\ОАИП\Лабораторные\Допы к 14\var12\var12.vcxproj" в узле 2 (целевые объекты Build).
     1>PrepareForBuild:
         Создание каталога "x64\Debug\var12.tlog\".
       InitializeBuildStatus:
         Создание "x64\Debug\var12.tlog\unsuccessfulbuild", так как было задано "AlwaysCreate".
       ClCompile:
         C:\Program Files\Microsoft Visual Studio\2022\Community\VC\Tools\MSVC\14.34.31933\bin\HostX64\x64\CL.exe /c /ZI /JMC /nologo /W3 /WX- /diagnostics:column /sdl /Od /D _DEBUG /D _CONSOLE /D _UNICODE /D UNICODE /Gm- /EHsc /RTC1 /MDd /GS /fp:precise /Zc:wchar_t /Zc:forScope /Zc:inline /permissive- /Fo"x64\Debug\\" /Fd"x64\Debug\vc143.pdb" /external:W3 /Gd /TP /FC /errorReport:prompt Hash2.cpp main2.cpp
         Hash2.cpp
         main2.cpp
         Создание кода...
       Link:
         C:\Program Files\Microsoft Visual Studio\2022\Community\VC\Tools\MSVC\14.34.31933\bin\HostX64\x64\link.exe /ERRORREPORT:PROMPT /OUT:"D:\Учёба\2сем\ОАИП\Лабораторные\Допы к 14\x64\Debug\var12.exe" /INCREMENTAL /ILK:"x64\Debug\var12.ilk" /NOLOGO kernel32.lib user32.lib gdi32.lib winspool.lib comdlg32.lib advapi32.lib shell32.lib ole32.lib oleaut32.lib uuid.lib odbc32.lib odbccp32.lib /MANIFEST /MANIFESTUAC:"level='asInvoker' uiAccess='false'" /manifest:embed /DEBUG /PDB:"D:\Учёба\2сем\ОАИП\Лабораторные\Допы к 14\x64\Debug\var12.pdb" /SUBSYSTEM:CONSOLE /TLBID:1 /DYNAMICBASE /NXCOMPAT /IMPLIB:"D:\Учёба\2сем\ОАИП\Лабораторные\Допы к 14\x64\Debug\var12.lib" /MACHINE:X64 x64\Debug\Hash2.obj
         x64\Debug\main2.obj
         var12.vcxproj -> D:\Учёба\2сем\ОАИП\Лабораторные\Допы к 14\x64\Debug\var12.exe
       FinalizeBuildStatus:
         Файл "x64\Debug\var12.tlog\unsuccessfulbuild" удаляется.
         Обращение к "x64\Debug\var12.tlog\var12.lastbuildstate".
     1>Сборка проекта "D:\Учёба\2сем\ОАИП\Лабораторные\Допы к 14\var12\var12.vcxproj" завершена (целевые объекты Build).

Сборка успешно завершена.
    Предупреждений: 0
    Ошибок: 0

Прошло времени 00:00:01.86
