Сборка начата 06.05.2023 11:41:25.
Уровень детализации журнала: Normal.     1>Проект "D:\Учёба\2сем\ОАИП\Лабораторные\ОАИП 15\ДОП1\ДОП1.vcxproj" в узле 2 (целевые объекты Build).
     1>InitializeBuildStatus:
         Создание "x64\Debug\ДОП1.tlog\unsuccessfulbuild", так как было задано "AlwaysCreate".
       ClCompile:
         C:\Program Files\Microsoft Visual Studio\2022\Community\VC\Tools\MSVC\14.34.31933\bin\HostX64\x64\CL.exe /c /ZI /JMC /nologo /W3 /WX- /diagnostics:column /sdl /Od /D _DEBUG /D _CONSOLE /D _UNICODE /D UNICODE /Gm- /EHsc /RTC1 /MDd /GS /fp:precise /Zc:wchar_t /Zc:forScope /Zc:inline /permissive- /Fo"x64\Debug\\" /Fd"x64\Debug\vc143.pdb" /external:W3 /Gd /TP /FC /errorReport:prompt "Доп1.cpp"
         Доп1.cpp
     1>D:\Учёба\2сем\ОАИП\Лабораторные\ОАИП 15\ДОП1\Доп1.cpp(11,22): warning C4244: return: преобразование "__int64" в "int", возможна потеря данных
     1>D:\Учёба\2сем\ОАИП\Лабораторные\ОАИП 15\ДОП1\Доп1.cpp(95,19): warning C4244: инициализация: преобразование "__int64" в "int", возможна потеря данных
       Link:
         C:\Program Files\Microsoft Visual Studio\2022\Community\VC\Tools\MSVC\14.34.31933\bin\HostX64\x64\link.exe /ERRORREPORT:PROMPT /OUT:"D:\Учёба\2сем\ОАИП\Лабораторные\ОАИП 15\x64\Debug\ДОП1.exe" /INCREMENTAL /ILK:"x64\Debug\ДОП1.ilk" /NOLOGO kernel32.lib user32.lib gdi32.lib winspool.lib comdlg32.lib advapi32.lib shell32.lib ole32.lib oleaut32.lib uuid.lib odbc32.lib odbccp32.lib /MANIFEST /MANIFESTUAC:"level='asInvoker' uiAccess='false'" /manifest:embed /DEBUG /PDB:"D:\Учёба\2сем\ОАИП\Лабораторные\ОАИП 15\x64\Debug\ДОП1.pdb" /SUBSYSTEM:CONSOLE /TLBID:1 /DYNAMICBASE /NXCOMPAT /IMPLIB:"D:\Учёба\2сем\ОАИП\Лабораторные\ОАИП 15\x64\Debug\ДОП1.lib" /MACHINE:X64 "x64\Debug\Доп1.obj"
         ДОП1.vcxproj -> D:\Учёба\2сем\ОАИП\Лабораторные\ОАИП 15\x64\Debug\ДОП1.exe
       FinalizeBuildStatus:
         Файл "x64\Debug\ДОП1.tlog\unsuccessfulbuild" удаляется.
         Обращение к "x64\Debug\ДОП1.tlog\ДОП1.lastbuildstate".
     1>Сборка проекта "D:\Учёба\2сем\ОАИП\Лабораторные\ОАИП 15\ДОП1\ДОП1.vcxproj" завершена (целевые объекты Build).

Сборка успешно завершена.

       "D:\Учёба\2сем\ОАИП\Лабораторные\ОАИП 15\ДОП1\ДОП1.vcxproj" (целевой объект Build ) (1) ->
       (Целевой объект ClCompile) -> 
         D:\Учёба\2сем\ОАИП\Лабораторные\ОАИП 15\ДОП1\Доп1.cpp(11,22): warning C4244: return: преобразование "__int64" в "int", возможна потеря данных
         D:\Учёба\2сем\ОАИП\Лабораторные\ОАИП 15\ДОП1\Доп1.cpp(95,19): warning C4244: инициализация: преобразование "__int64" в "int", возможна потеря данных

    Предупреждений: 2
    Ошибок: 0

Прошло времени 00:00:01.69
