Сборка начата 21.02.2023 18:34:06.
Уровень детализации журнала: Normal.     1>Проект "D:\Учёба\2сем\КПО\Лабораторные\КПО_1\КПО_1.3\КПО_1.3.vcxproj" в узле 2 (целевые объекты Build).
     1>InitializeBuildStatus:
         Создание "Debug\КПО_1.3.tlog\unsuccessfulbuild", так как было задано "AlwaysCreate".
       ClCompile:
         C:\Program Files\Microsoft Visual Studio\2022\Community\VC\Tools\MSVC\14.34.31933\bin\HostX86\x86\CL.exe /c /ZI /JMC /nologo /W3 /WX- /diagnostics:column /sdl /Od /Oy- /D WIN32 /D _DEBUG /D _CONSOLE /D _UNICODE /D UNICODE /Gm- /EHsc /RTC1 /MDd /GS /fp:precise /Zc:wchar_t /Zc:forScope /Zc:inline /permissive- /Yc"stdafx.h" /Fp"Debug\КПО_1.3.pch" /Fo"Debug\\" /Fd"Debug\vc143.pdb" /external:W3 /Gd /TP /analyze- /FC /errorReport:prompt task3.cpp
         task3.cpp
         C:\Program Files\Microsoft Visual Studio\2022\Community\VC\Tools\MSVC\14.34.31933\bin\HostX86\x86\CL.exe /c /ZI /JMC /nologo /W3 /WX- /diagnostics:column /sdl /Od /Oy- /D WIN32 /D _DEBUG /D _CONSOLE /D _UNICODE /D UNICODE /Gm- /EHsc /RTC1 /MDd /GS /fp:precise /Zc:wchar_t /Zc:forScope /Zc:inline /permissive- /Yu"stdafx.h" /Fp"Debug\КПО_1.3.pch" /Fo"Debug\\" /Fd"Debug\vc143.pdb" /external:W3 /Gd /TP /analyze- /FC /errorReport:prompt date.cpp days.cpp vis.cpp
         date.cpp
         days.cpp
         vis.cpp
         Создание кода...
       Link:
         C:\Program Files\Microsoft Visual Studio\2022\Community\VC\Tools\MSVC\14.34.31933\bin\HostX86\x86\link.exe /ERRORREPORT:PROMPT /OUT:"D:\Учёба\2сем\КПО\Лабораторные\КПО_1\Debug\КПО_1.3.exe" /INCREMENTAL /ILK:"Debug\КПО_1.3.ilk" /NOLOGO kernel32.lib user32.lib gdi32.lib winspool.lib comdlg32.lib advapi32.lib shell32.lib ole32.lib oleaut32.lib uuid.lib odbc32.lib odbccp32.lib /MANIFEST /MANIFESTUAC:"level='asInvoker' uiAccess='false'" /manifest:embed /DEBUG /PDB:"D:\Учёба\2сем\КПО\Лабораторные\КПО_1\Debug\КПО_1.3.pdb" /SUBSYSTEM:CONSOLE /TLBID:1 /DYNAMICBASE /NXCOMPAT /IMPLIB:"D:\Учёба\2сем\КПО\Лабораторные\КПО_1\Debug\КПО_1.3.lib" /MACHINE:X86 Debug\date.obj
         Debug\days.obj
         Debug\task3.obj
         Debug\vis.obj
         КПО_1.3.vcxproj -> D:\Учёба\2сем\КПО\Лабораторные\КПО_1\Debug\КПО_1.3.exe
       FinalizeBuildStatus:
         Файл "Debug\КПО_1.3.tlog\unsuccessfulbuild" удаляется.
         Обращение к "Debug\КПО_1.3.tlog\КПО_1.3.lastbuildstate".
     1>Сборка проекта "D:\Учёба\2сем\КПО\Лабораторные\КПО_1\КПО_1.3\КПО_1.3.vcxproj" завершена (целевые объекты Build).

Сборка успешно завершена.
    Предупреждений: 0
    Ошибок: 0

Прошло времени 00:00:00.77
