Сборка начата 04.04.2023 18:11:52.
Уровень детализации журнала: Normal.     1>Проект "D:\Учёба\2сем\КПО\Лабораторные\SE_Lab06S\SE_lab06P\SE_lab06P.vcxproj" в узле 2 (целевые объекты Build).
     1>InitializeBuildStatus:
         Создание "Debug\SE_lab06P.tlog\unsuccessfulbuild", так как было задано "AlwaysCreate".
       ClCompile:
         C:\Program Files\Microsoft Visual Studio\2022\Community\VC\Tools\MSVC\14.34.31933\bin\HostX86\x86\CL.exe /c /ZI /JMC /nologo /W3 /WX- /diagnostics:column /sdl /Od /Oy- /D WIN32 /D _DEBUG /D _CONSOLE /D _UNICODE /D UNICODE /Gm- /EHsc /RTC1 /MDd /GS /fp:precise /Zc:wchar_t /Zc:forScope /Zc:inline /permissive- /Fo"Debug\\" /Fd"Debug\vc143.pdb" /external:W3 /Gd /TP /analyze- /FC /errorReport:prompt Source.cpp
         Source.cpp
     1>D:\Учёба\2сем\КПО\Лабораторные\SE_Lab06S\SE_lab06P\Source.cpp(3,13): warning C4326: возвращаемый тип "main" должен быть "int", а не "void"
       Link:
         C:\Program Files\Microsoft Visual Studio\2022\Community\VC\Tools\MSVC\14.34.31933\bin\HostX86\x86\link.exe /ERRORREPORT:PROMPT /OUT:"D:\Учёба\2сем\КПО\Лабораторные\SE_Lab06S\Debug\SE_lab06P.exe" /INCREMENTAL /ILK:"Debug\SE_lab06P.ilk" /NOLOGO kernel32.lib user32.lib gdi32.lib winspool.lib comdlg32.lib advapi32.lib shell32.lib ole32.lib oleaut32.lib uuid.lib odbc32.lib odbccp32.lib /MANIFEST /MANIFESTUAC:"level='asInvoker' uiAccess='false'" /manifest:embed /DEBUG /PDB:"D:\Учёба\2сем\КПО\Лабораторные\SE_Lab06S\Debug\SE_lab06P.pdb" /SUBSYSTEM:CONSOLE /TLBID:1 /DYNAMICBASE /NXCOMPAT /IMPLIB:"D:\Учёба\2сем\КПО\Лабораторные\SE_Lab06S\Debug\SE_lab06P.lib" /MACHINE:X86 Debug\Source.obj
         SE_lab06P.vcxproj -> D:\Учёба\2сем\КПО\Лабораторные\SE_Lab06S\Debug\SE_lab06P.exe
       FinalizeBuildStatus:
         Файл "Debug\SE_lab06P.tlog\unsuccessfulbuild" удаляется.
         Обращение к "Debug\SE_lab06P.tlog\SE_lab06P.lastbuildstate".
     1>Сборка проекта "D:\Учёба\2сем\КПО\Лабораторные\SE_Lab06S\SE_lab06P\SE_lab06P.vcxproj" завершена (целевые объекты Build).

Сборка успешно завершена.

       "D:\Учёба\2сем\КПО\Лабораторные\SE_Lab06S\SE_lab06P\SE_lab06P.vcxproj" (целевой объект Build ) (1) ->
       (Целевой объект ClCompile) -> 
         D:\Учёба\2сем\КПО\Лабораторные\SE_Lab06S\SE_lab06P\Source.cpp(3,13): warning C4326: возвращаемый тип "main" должен быть "int", а не "void"

    Предупреждений: 1
    Ошибок: 0

Прошло времени 00:00:01.66
