Сборка начата 22.03.2023 11:34:23.
Уровень детализации журнала: Normal.     1>Проект "D:\Учёба\2сем\ОАИП\Лабораторные\5ЛАБА_ОАИП\ДОП2.16\ДОП2.16.vcxproj" в узле 2 (целевые объекты Build).
     1>C:\Program Files\Microsoft Visual Studio\2022\Community\MSBuild\Microsoft\VC\v170\Microsoft.CppBuild.targets(517,5): warning MSB8028: промежуточный каталог (x64\Debug\) содержит файлы, которые используются совместно с другим проектом (ДОП2.16.vcxproj).  Это может привести к ошибкам очистки и перестроения.
         Создание каталога "x64\Debug\ДОП2.7.tlog\".
     1>InitializeBuildStatus:
         Создание "x64\Debug\ДОП2.7.tlog\unsuccessfulbuild", так как было задано "AlwaysCreate".
       ClCompile:
         C:\Program Files\Microsoft Visual Studio\2022\Community\VC\Tools\MSVC\14.34.31933\bin\HostX64\x64\CL.exe /c /ZI /JMC /nologo /W3 /WX- /diagnostics:column /sdl /Od /D _DEBUG /D _CONSOLE /D _UNICODE /D UNICODE /Gm- /EHsc /RTC1 /MDd /GS /fp:precise /Zc:wchar_t /Zc:forScope /Zc:inline /permissive- /Fo"x64\Debug\\" /Fd"x64\Debug\vc143.pdb" /external:W3 /Gd /TP /FC /errorReport:prompt DOP2.7.cpp
         DOP2.7.cpp
     1>D:\Учёба\2сем\ОАИП\Лабораторные\5ЛАБА_ОАИП\ДОП2.16\DOP2.7.cpp(38,1): warning C4624: "tovars": деструктор неявно определен как удаленный
     1>D:\Учёба\2сем\ОАИП\Лабораторные\5ЛАБА_ОАИП\ДОП2.16\DOP2.7.cpp(43,13): warning C4326: возвращаемый тип "main" должен быть "int", а не "void"
     1>D:\Учёба\2сем\ОАИП\Лабораторные\5ЛАБА_ОАИП\ДОП2.16\DOP2.7.cpp(50,2): warning C4102: start: неиспользованная метка
     1>D:\Учёба\2сем\ОАИП\Лабораторные\5ЛАБА_ОАИП\ДОП2.16\DOP2.7.cpp(46,6): warning C4101: cost: неиспользованная локальная переменная
     1>D:\Учёба\2сем\ОАИП\Лабораторные\5ЛАБА_ОАИП\ДОП2.16\DOP2.7.cpp(82,6): warning C4101: model: неиспользованная локальная переменная
       Link:
         C:\Program Files\Microsoft Visual Studio\2022\Community\VC\Tools\MSVC\14.34.31933\bin\HostX64\x64\link.exe /ERRORREPORT:PROMPT /OUT:"D:\Учёба\2сем\ОАИП\Лабораторные\5ЛАБА_ОАИП\x64\Debug\ДОП2.7.exe" /INCREMENTAL /ILK:"x64\Debug\ДОП2.7.ilk" /NOLOGO kernel32.lib user32.lib gdi32.lib winspool.lib comdlg32.lib advapi32.lib shell32.lib ole32.lib oleaut32.lib uuid.lib odbc32.lib odbccp32.lib /MANIFEST /MANIFESTUAC:"level='asInvoker' uiAccess='false'" /manifest:embed /DEBUG /PDB:"D:\Учёба\2сем\ОАИП\Лабораторные\5ЛАБА_ОАИП\x64\Debug\ДОП2.7.pdb" /SUBSYSTEM:CONSOLE /TLBID:1 /DYNAMICBASE /NXCOMPAT /IMPLIB:"D:\Учёба\2сем\ОАИП\Лабораторные\5ЛАБА_ОАИП\x64\Debug\ДОП2.7.lib" /MACHINE:X64 x64\Debug\DOP2.7.obj
         ДОП2.16.vcxproj -> D:\Учёба\2сем\ОАИП\Лабораторные\5ЛАБА_ОАИП\x64\Debug\ДОП2.7.exe
       FinalizeBuildStatus:
         Файл "x64\Debug\ДОП2.7.tlog\unsuccessfulbuild" удаляется.
         Обращение к "x64\Debug\ДОП2.7.tlog\ДОП2.7.lastbuildstate".
     1>Сборка проекта "D:\Учёба\2сем\ОАИП\Лабораторные\5ЛАБА_ОАИП\ДОП2.16\ДОП2.16.vcxproj" завершена (целевые объекты Build).

Сборка успешно завершена.

       "D:\Учёба\2сем\ОАИП\Лабораторные\5ЛАБА_ОАИП\ДОП2.16\ДОП2.16.vcxproj" (целевой объект Build ) (1) ->
       (Целевой объект PrepareForBuild) -> 
         C:\Program Files\Microsoft Visual Studio\2022\Community\MSBuild\Microsoft\VC\v170\Microsoft.CppBuild.targets(517,5): warning MSB8028: промежуточный каталог (x64\Debug\) содержит файлы, которые используются совместно с другим проектом (ДОП2.16.vcxproj).  Это может привести к ошибкам очистки и перестроения.


       "D:\Учёба\2сем\ОАИП\Лабораторные\5ЛАБА_ОАИП\ДОП2.16\ДОП2.16.vcxproj" (целевой объект Build ) (1) ->
       (Целевой объект ClCompile) -> 
         D:\Учёба\2сем\ОАИП\Лабораторные\5ЛАБА_ОАИП\ДОП2.16\DOP2.7.cpp(38,1): warning C4624: "tovars": деструктор неявно определен как удаленный
         D:\Учёба\2сем\ОАИП\Лабораторные\5ЛАБА_ОАИП\ДОП2.16\DOP2.7.cpp(43,13): warning C4326: возвращаемый тип "main" должен быть "int", а не "void"
         D:\Учёба\2сем\ОАИП\Лабораторные\5ЛАБА_ОАИП\ДОП2.16\DOP2.7.cpp(50,2): warning C4102: start: неиспользованная метка
         D:\Учёба\2сем\ОАИП\Лабораторные\5ЛАБА_ОАИП\ДОП2.16\DOP2.7.cpp(46,6): warning C4101: cost: неиспользованная локальная переменная
         D:\Учёба\2сем\ОАИП\Лабораторные\5ЛАБА_ОАИП\ДОП2.16\DOP2.7.cpp(82,6): warning C4101: model: неиспользованная локальная переменная

    Предупреждений: 6
    Ошибок: 0

Прошло времени 00:00:01.15
