Сборка начата 24.02.2023 14:34:54.
Уровень детализации журнала: Normal.     1>Проект "D:\Учёба\2сем\КПО\Лабораторные\КПО2\КПО2\КПО2.vcxproj" в узле 2 (целевые объекты Build).
     1>InitializeBuildStatus:
         Создание "Debug\КПО2.tlog\unsuccessfulbuild", так как было задано "AlwaysCreate".
       ClCompile:
         C:\Program Files\Microsoft Visual Studio\2022\Community\VC\Tools\MSVC\14.34.31933\bin\HostX86\x86\CL.exe /c /ZI /JMC /nologo /W3 /WX- /diagnostics:column /sdl /Od /Oy- /D WIN32 /D _DEBUG /D _CONSOLE /D _UNICODE /D UNICODE /Gm- /EHsc /RTC1 /MDd /GS /fp:precise /Zc:wchar_t /Zc:forScope /Zc:inline /permissive- /Fo"Debug\\" /Fd"Debug\vc143.pdb" /external:W3 /Gd /TP /analyze- /FC /errorReport:prompt "КПО2.cpp"
         КПО2.cpp
     1>D:\Учёба\2сем\КПО\Лабораторные\КПО2\КПО2\КПО2.cpp(9,13): warning C4326: возвращаемый тип "main" должен быть "int", а не "void"
     1>D:\Учёба\2сем\КПО\Лабораторные\КПО2\КПО2\КПО2.cpp(78,20): warning C4305: инициализация: усечение из "double" в "float"
     1>D:\Учёба\2сем\КПО\Лабораторные\КПО2\КПО2\КПО2.cpp(79,21): warning C4305: инициализация: усечение из "double" в "float"
     1>D:\Учёба\2сем\КПО\Лабораторные\КПО2\КПО2\КПО2.cpp(83,16): warning C4305: инициализация: усечение из "double" в "float"
     1>D:\Учёба\2сем\КПО\Лабораторные\КПО2\КПО2\КПО2.cpp(84,17): warning C4305: инициализация: усечение из "double" в "float"
     1>D:\Учёба\2сем\КПО\Лабораторные\КПО2\КПО2\КПО2.cpp(95,24): warning C4305: инициализация: усечение из "double" в "float"
     1>D:\Учёба\2сем\КПО\Лабораторные\КПО2\КПО2\КПО2.cpp(80,7): warning C4101: s: неиспользованная локальная переменная
       Link:
         C:\Program Files\Microsoft Visual Studio\2022\Community\VC\Tools\MSVC\14.34.31933\bin\HostX86\x86\link.exe /ERRORREPORT:PROMPT /OUT:"D:\Учёба\2сем\КПО\Лабораторные\КПО2\Debug\КПО2.exe" /INCREMENTAL /ILK:"Debug\КПО2.ilk" /NOLOGO kernel32.lib user32.lib gdi32.lib winspool.lib comdlg32.lib advapi32.lib shell32.lib ole32.lib oleaut32.lib uuid.lib odbc32.lib odbccp32.lib /MANIFEST /MANIFESTUAC:"level='asInvoker' uiAccess='false'" /manifest:embed /DEBUG /PDB:"D:\Учёба\2сем\КПО\Лабораторные\КПО2\Debug\КПО2.pdb" /SUBSYSTEM:CONSOLE /TLBID:1 /DYNAMICBASE /NXCOMPAT /IMPLIB:"D:\Учёба\2сем\КПО\Лабораторные\КПО2\Debug\КПО2.lib" /MACHINE:X86 "Debug\КПО2.obj"
         КПО2.vcxproj -> D:\Учёба\2сем\КПО\Лабораторные\КПО2\Debug\КПО2.exe
       FinalizeBuildStatus:
         Файл "Debug\КПО2.tlog\unsuccessfulbuild" удаляется.
         Обращение к "Debug\КПО2.tlog\КПО2.lastbuildstate".
     1>Сборка проекта "D:\Учёба\2сем\КПО\Лабораторные\КПО2\КПО2\КПО2.vcxproj" завершена (целевые объекты Build).

Сборка успешно завершена.

       "D:\Учёба\2сем\КПО\Лабораторные\КПО2\КПО2\КПО2.vcxproj" (целевой объект Build ) (1) ->
       (Целевой объект ClCompile) -> 
         D:\Учёба\2сем\КПО\Лабораторные\КПО2\КПО2\КПО2.cpp(9,13): warning C4326: возвращаемый тип "main" должен быть "int", а не "void"
         D:\Учёба\2сем\КПО\Лабораторные\КПО2\КПО2\КПО2.cpp(78,20): warning C4305: инициализация: усечение из "double" в "float"
         D:\Учёба\2сем\КПО\Лабораторные\КПО2\КПО2\КПО2.cpp(79,21): warning C4305: инициализация: усечение из "double" в "float"
         D:\Учёба\2сем\КПО\Лабораторные\КПО2\КПО2\КПО2.cpp(83,16): warning C4305: инициализация: усечение из "double" в "float"
         D:\Учёба\2сем\КПО\Лабораторные\КПО2\КПО2\КПО2.cpp(84,17): warning C4305: инициализация: усечение из "double" в "float"
         D:\Учёба\2сем\КПО\Лабораторные\КПО2\КПО2\КПО2.cpp(95,24): warning C4305: инициализация: усечение из "double" в "float"
         D:\Учёба\2сем\КПО\Лабораторные\КПО2\КПО2\КПО2.cpp(80,7): warning C4101: s: неиспользованная локальная переменная

    Предупреждений: 7
    Ошибок: 0

Прошло времени 00:00:01.13
