Сборка начата 28.04.2023 13:20:10.
Уровень детализации журнала: Normal.     1>Проект "D:\Учёба\2сем\КПО\Лабораторные\SE_Lab9\SE_Lab9\SE_Lab9.vcxproj" в узле 2 (целевые объекты Build).
     1>InitializeBuildStatus:
         Создание "Debug\SE_Lab9.tlog\unsuccessfulbuild", так как было задано "AlwaysCreate".
       ClCompile:
         C:\Program Files\Microsoft Visual Studio\2022\Community\VC\Tools\MSVC\14.34.31933\bin\HostX86\x86\CL.exe /c /ZI /JMC /nologo /W3 /WX- /diagnostics:column /sdl /Od /Oy- /D WIN32 /D _DEBUG /D _CONSOLE /D _UNICODE /D UNICODE /Gm- /EHsc /RTC1 /MDd /GS /fp:precise /Zc:wchar_t /Zc:forScope /Zc:inline /permissive- /Fo"Debug\\" /Fd"Debug\vc143.pdb" /external:W3 /Gd /TP /analyze- /FC /errorReport:prompt Lab09.cpp
         Lab09.cpp
     1>D:\Учёба\2сем\КПО\Лабораторные\SE_Lab9\SE_Lab9\Lab09.cpp(4,13): warning C4326: возвращаемый тип "main" должен быть "int", а не "void"
       Link:
         C:\Program Files\Microsoft Visual Studio\2022\Community\VC\Tools\MSVC\14.34.31933\bin\HostX86\x86\link.exe /ERRORREPORT:PROMPT /OUT:"D:\Учёба\2сем\КПО\Лабораторные\SE_Lab9\Debug\SE_Lab9.exe" /INCREMENTAL /ILK:"Debug\SE_Lab9.ilk" /NOLOGO kernel32.lib user32.lib gdi32.lib winspool.lib comdlg32.lib advapi32.lib shell32.lib ole32.lib oleaut32.lib uuid.lib odbc32.lib odbccp32.lib /MANIFEST /MANIFESTUAC:"level='asInvoker' uiAccess='false'" /manifest:embed /DEBUG /PDB:"D:\Учёба\2сем\КПО\Лабораторные\SE_Lab9\Debug\SE_Lab9.pdb" /SUBSYSTEM:CONSOLE /TLBID:1 /DYNAMICBASE /NXCOMPAT /IMPLIB:"D:\Учёба\2сем\КПО\Лабораторные\SE_Lab9\Debug\SE_Lab9.lib" /MACHINE:X86 Debug\Lab09.obj
         Debug\Varparm.obj
         SE_Lab9.vcxproj -> D:\Учёба\2сем\КПО\Лабораторные\SE_Lab9\Debug\SE_Lab9.exe
       FinalizeBuildStatus:
         Файл "Debug\SE_Lab9.tlog\unsuccessfulbuild" удаляется.
         Обращение к "Debug\SE_Lab9.tlog\SE_Lab9.lastbuildstate".
     1>Сборка проекта "D:\Учёба\2сем\КПО\Лабораторные\SE_Lab9\SE_Lab9\SE_Lab9.vcxproj" завершена (целевые объекты Build).

Сборка успешно завершена.

       "D:\Учёба\2сем\КПО\Лабораторные\SE_Lab9\SE_Lab9\SE_Lab9.vcxproj" (целевой объект Build ) (1) ->
       (Целевой объект ClCompile) -> 
         D:\Учёба\2сем\КПО\Лабораторные\SE_Lab9\SE_Lab9\Lab09.cpp(4,13): warning C4326: возвращаемый тип "main" должен быть "int", а не "void"

    Предупреждений: 1
    Ошибок: 0

Прошло времени 00:00:01.27
