Сборка начата 22.03.2023 13:43:57.
Уровень детализации журнала: Normal.     1>Проект "D:\Учёба\2сем\ОАИП\Лабораторные\ОАИП6\Доп2\Доп2.vcxproj" в узле 2 (целевые объекты Build).
     1>InitializeBuildStatus:
         Создание "x64\Debug\Доп2.tlog\unsuccessfulbuild", так как было задано "AlwaysCreate".
       ClCompile:
         C:\Program Files\Microsoft Visual Studio\2022\Community\VC\Tools\MSVC\14.34.31933\bin\HostX64\x64\CL.exe /c /ZI /JMC /nologo /W3 /WX- /diagnostics:column /sdl /Od /D _DEBUG /D _CONSOLE /D _UNICODE /D UNICODE /Gm- /EHsc /RTC1 /MDd /GS /fp:precise /Zc:wchar_t /Zc:forScope /Zc:inline /permissive- /Fo"x64\Debug\\" /Fd"x64\Debug\vc143.pdb" /external:W3 /Gd /TP /FC /errorReport:prompt "Доп2.cpp"
         Доп2.cpp
     1>D:\Учёба\2сем\ОАИП\Лабораторные\ОАИП6\Доп2\Доп2.cpp(20,13): warning C4326: возвращаемый тип "main" должен быть "int", а не "void"
     1>D:\Учёба\2сем\ОАИП\Лабораторные\ОАИП6\Доп2\Доп2.cpp(98,10): warning C4244: return: преобразование "float" в "int", возможна потеря данных
     1>D:\Учёба\2сем\ОАИП\Лабораторные\ОАИП6\Доп2\Доп2.cpp(152,14): warning C4244: =: преобразование "float" в "int", возможна потеря данных
       Link:
         C:\Program Files\Microsoft Visual Studio\2022\Community\VC\Tools\MSVC\14.34.31933\bin\HostX64\x64\link.exe /ERRORREPORT:PROMPT /OUT:"D:\Учёба\2сем\ОАИП\Лабораторные\ОАИП6\x64\Debug\Доп2.exe" /INCREMENTAL /ILK:"x64\Debug\Доп2.ilk" /NOLOGO kernel32.lib user32.lib gdi32.lib winspool.lib comdlg32.lib advapi32.lib shell32.lib ole32.lib oleaut32.lib uuid.lib odbc32.lib odbccp32.lib /MANIFEST /MANIFESTUAC:"level='asInvoker' uiAccess='false'" /manifest:embed /DEBUG /PDB:"D:\Учёба\2сем\ОАИП\Лабораторные\ОАИП6\x64\Debug\Доп2.pdb" /SUBSYSTEM:CONSOLE /TLBID:1 /DYNAMICBASE /NXCOMPAT /IMPLIB:"D:\Учёба\2сем\ОАИП\Лабораторные\ОАИП6\x64\Debug\Доп2.lib" /MACHINE:X64 "x64\Debug\Доп2.obj"
         Доп2.vcxproj -> D:\Учёба\2сем\ОАИП\Лабораторные\ОАИП6\x64\Debug\Доп2.exe
       FinalizeBuildStatus:
         Файл "x64\Debug\Доп2.tlog\unsuccessfulbuild" удаляется.
         Обращение к "x64\Debug\Доп2.tlog\Доп2.lastbuildstate".
     1>Сборка проекта "D:\Учёба\2сем\ОАИП\Лабораторные\ОАИП6\Доп2\Доп2.vcxproj" завершена (целевые объекты Build).

Сборка успешно завершена.

       "D:\Учёба\2сем\ОАИП\Лабораторные\ОАИП6\Доп2\Доп2.vcxproj" (целевой объект Build ) (1) ->
       (Целевой объект ClCompile) -> 
         D:\Учёба\2сем\ОАИП\Лабораторные\ОАИП6\Доп2\Доп2.cpp(20,13): warning C4326: возвращаемый тип "main" должен быть "int", а не "void"
         D:\Учёба\2сем\ОАИП\Лабораторные\ОАИП6\Доп2\Доп2.cpp(98,10): warning C4244: return: преобразование "float" в "int", возможна потеря данных
         D:\Учёба\2сем\ОАИП\Лабораторные\ОАИП6\Доп2\Доп2.cpp(152,14): warning C4244: =: преобразование "float" в "int", возможна потеря данных

    Предупреждений: 3
    Ошибок: 0

Прошло времени 00:00:01.04
