Сборка начата 22.03.2023 13:35:34.
Уровень детализации журнала: Normal.     1>Проект "D:\Учёба\2сем\ОАИП\Лабораторные\5ЛАБА_ОАИП\ДОП1.7\ДОП1.7.vcxproj" в узле 2 (целевые объекты Build).
     1>InitializeBuildStatus:
         Создание "x64\Debug\ДОП1.7.tlog\unsuccessfulbuild", так как было задано "AlwaysCreate".
       ClCompile:
         C:\Program Files\Microsoft Visual Studio\2022\Community\VC\Tools\MSVC\14.34.31933\bin\HostX64\x64\CL.exe /c /ZI /JMC /nologo /W3 /WX- /diagnostics:column /sdl /Od /D _DEBUG /D _CONSOLE /D _UNICODE /D UNICODE /Gm- /EHsc /RTC1 /MDd /GS /fp:precise /Zc:wchar_t /Zc:forScope /Zc:inline /permissive- /Fo"x64\Debug\\" /Fd"x64\Debug\vc143.pdb" /external:W3 /Gd /TP /FC /errorReport:prompt "ДОП1_7.cpp"
         ДОП1_7.cpp
     1>D:\Учёба\2сем\ОАИП\Лабораторные\5ЛАБА_ОАИП\ДОП1.7\ДОП1_7.cpp(36,13): warning C4326: возвращаемый тип "main" должен быть "int", а не "void"
     1>D:\Учёба\2сем\ОАИП\Лабораторные\5ЛАБА_ОАИП\ДОП1.7\ДОП1_7.cpp(68,9): warning C4244: аргумент: преобразование "double" в "int", возможна потеря данных
     1>D:\Учёба\2сем\ОАИП\Лабораторные\5ЛАБА_ОАИП\ДОП1.7\ДОП1_7.cpp(43,2): warning C4102: start: неиспользованная метка
     1>D:\Учёба\2сем\ОАИП\Лабораторные\5ЛАБА_ОАИП\ДОП1.7\ДОП1_7.cpp(82,6): warning C4101: model: неиспользованная локальная переменная
       Link:
         C:\Program Files\Microsoft Visual Studio\2022\Community\VC\Tools\MSVC\14.34.31933\bin\HostX64\x64\link.exe /ERRORREPORT:PROMPT /OUT:"D:\Учёба\2сем\ОАИП\Лабораторные\5ЛАБА_ОАИП\x64\Debug\ДОП1.7.exe" /INCREMENTAL /ILK:"x64\Debug\ДОП1.7.ilk" /NOLOGO kernel32.lib user32.lib gdi32.lib winspool.lib comdlg32.lib advapi32.lib shell32.lib ole32.lib oleaut32.lib uuid.lib odbc32.lib odbccp32.lib /MANIFEST /MANIFESTUAC:"level='asInvoker' uiAccess='false'" /manifest:embed /DEBUG /PDB:"D:\Учёба\2сем\ОАИП\Лабораторные\5ЛАБА_ОАИП\x64\Debug\ДОП1.7.pdb" /SUBSYSTEM:CONSOLE /TLBID:1 /DYNAMICBASE /NXCOMPAT /IMPLIB:"D:\Учёба\2сем\ОАИП\Лабораторные\5ЛАБА_ОАИП\x64\Debug\ДОП1.7.lib" /MACHINE:X64 "x64\Debug\ДОП1_7.obj"
         ДОП1.7.vcxproj -> D:\Учёба\2сем\ОАИП\Лабораторные\5ЛАБА_ОАИП\x64\Debug\ДОП1.7.exe
       FinalizeBuildStatus:
         Файл "x64\Debug\ДОП1.7.tlog\unsuccessfulbuild" удаляется.
         Обращение к "x64\Debug\ДОП1.7.tlog\ДОП1.7.lastbuildstate".
     1>Сборка проекта "D:\Учёба\2сем\ОАИП\Лабораторные\5ЛАБА_ОАИП\ДОП1.7\ДОП1.7.vcxproj" завершена (целевые объекты Build).

Сборка успешно завершена.

       "D:\Учёба\2сем\ОАИП\Лабораторные\5ЛАБА_ОАИП\ДОП1.7\ДОП1.7.vcxproj" (целевой объект Build ) (1) ->
       (Целевой объект ClCompile) -> 
         D:\Учёба\2сем\ОАИП\Лабораторные\5ЛАБА_ОАИП\ДОП1.7\ДОП1_7.cpp(36,13): warning C4326: возвращаемый тип "main" должен быть "int", а не "void"
         D:\Учёба\2сем\ОАИП\Лабораторные\5ЛАБА_ОАИП\ДОП1.7\ДОП1_7.cpp(68,9): warning C4244: аргумент: преобразование "double" в "int", возможна потеря данных
         D:\Учёба\2сем\ОАИП\Лабораторные\5ЛАБА_ОАИП\ДОП1.7\ДОП1_7.cpp(43,2): warning C4102: start: неиспользованная метка
         D:\Учёба\2сем\ОАИП\Лабораторные\5ЛАБА_ОАИП\ДОП1.7\ДОП1_7.cpp(82,6): warning C4101: model: неиспользованная локальная переменная

    Предупреждений: 4
    Ошибок: 0

Прошло времени 00:00:01.09
